<?xml version="1.0" encoding="UTF-8"?>
<!-- Generated by org.testng.reporters.JUnitXMLReporter -->
<testsuite ignored="1" hostname="DESKTOP-L7E7ROD" failures="0" tests="7" name="Test" time="8.638" errors="0" timestamp="2023-06-16T15:22:25 IST">
  <testcase classname="com.genericUtility.BaseClass" name="@BeforeMethod userLogin" time="0.344">
    <failure type="java.lang.IllegalArgumentException" message="Keys to send should be a not null CharSequence">
      <![CDATA[java.lang.IllegalArgumentException: Keys to send should be a not null CharSequence
at org.openqa.selenium.remote.RemoteWebElement.sendKeys(RemoteWebElement.java:97)
at org.openqa.selenium.support.pagefactory.internal.LocatingElementHandler.invoke(LocatingElementHandler.java:51)
at jdk.proxy2/jdk.proxy2.$Proxy16.sendKeys(Unknown Source)
at POM.SigninPage.userSignIn(SigninPage.java:74)
at com.genericUtility.BaseClass.userLogin(BaseClass.java:68)
at java.base/java.util.ArrayList.forEach(ArrayList.java:1511)
at java.base/java.util.concurrent.FutureTask.run(FutureTask.java:264)
at java.base/java.util.concurrent.ThreadPoolExecutor.runWorker(ThreadPoolExecutor.java:1136)
at java.base/java.util.concurrent.ThreadPoolExecutor$Worker.run(ThreadPoolExecutor.java:635)
at java.base/java.lang.Thread.run(Thread.java:833)
... Removed 26 stack frames]]>
    </failure>
  </testcase> <!-- @BeforeMethod userLogin -->
  <testcase classname="com.genericUtility.BaseClass" name="@AfterMethod userLogout" time="-1.686909141399E9">
    <skipped/>
  </testcase> <!-- @AfterMethod userLogout -->
  <testcase classname="com.genericUtility.BaseClass" name="@BeforeMethod userLogin" time="-1.686909141405E9">
    <skipped/>
  </testcase> <!-- @BeforeMethod userLogin -->
  <testcase classname="com.genericUtility.BaseClass" name="@AfterMethod userLogout" time="-1.686909141413E9">
    <skipped/>
  </testcase> <!-- @AfterMethod userLogout -->
  <testcase classname="com.genericUtility.BaseClass" name="@BeforeMethod userLogin" time="-1.686909141421E9">
    <skipped/>
  </testcase> <!-- @BeforeMethod userLogin -->
  <testcase classname="com.genericUtility.BaseClass" name="@AfterMethod userLogout" time="-1.68690914144E9">
    <skipped/>
  </testcase> <!-- @AfterMethod userLogout -->
  <testcase classname="com.genericUtility.BaseClass" name="@AfterClass closeTheBrowser" time="-1.686909141446E9">
    <skipped/>
  </testcase> <!-- @AfterClass closeTheBrowser -->
  <testcase classname="com.genericUtility.BaseClass" name="@BeforeMethod userLogin" time="0.408">
    <failure type="java.lang.IllegalArgumentException" message="Keys to send should be a not null CharSequence">
      <![CDATA[java.lang.IllegalArgumentException: Keys to send should be a not null CharSequence
at org.openqa.selenium.remote.RemoteWebElement.sendKeys(RemoteWebElement.java:97)
at org.openqa.selenium.support.pagefactory.internal.LocatingElementHandler.invoke(LocatingElementHandler.java:51)
at jdk.proxy2/jdk.proxy2.$Proxy16.sendKeys(Unknown Source)
at POM.SigninPage.userSignIn(SigninPage.java:74)
at com.genericUtility.BaseClass.userLogin(BaseClass.java:68)
at java.base/java.util.ArrayList.forEach(ArrayList.java:1511)
at java.base/java.util.concurrent.FutureTask.run(FutureTask.java:264)
at java.base/java.util.concurrent.ThreadPoolExecutor.runWorker(ThreadPoolExecutor.java:1136)
at java.base/java.util.concurrent.ThreadPoolExecutor$Worker.run(ThreadPoolExecutor.java:635)
at java.base/java.lang.Thread.run(Thread.java:833)
... Removed 26 stack frames]]>
    </failure>
  </testcase> <!-- @BeforeMethod userLogin -->
  <testcase classname="com.genericUtility.BaseClass" name="@AfterMethod userLogout" time="-1.686909145324E9">
    <skipped/>
  </testcase> <!-- @AfterMethod userLogout -->
  <testcase classname="com.genericUtility.BaseClass" name="@BeforeMethod userLogin" time="-1.686909145327E9">
    <skipped/>
  </testcase> <!-- @BeforeMethod userLogin -->
  <testcase classname="com.genericUtility.BaseClass" name="@AfterMethod userLogout" time="-1.686909145334E9">
    <skipped/>
  </testcase> <!-- @AfterMethod userLogout -->
  <testcase classname="com.genericUtility.BaseClass" name="@BeforeMethod userLogin" time="-1.686909145337E9">
    <skipped/>
  </testcase> <!-- @BeforeMethod userLogin -->
  <testcase classname="com.genericUtility.BaseClass" name="@AfterMethod userLogout" time="-1.686909145348E9">
    <skipped/>
  </testcase> <!-- @AfterMethod userLogout -->
  <testcase classname="com.genericUtility.BaseClass" name="@BeforeMethod userLogin" time="-1.686909145351E9">
    <skipped/>
  </testcase> <!-- @BeforeMethod userLogin -->
  <testcase classname="com.genericUtility.BaseClass" name="@AfterMethod userLogout" time="-1.68690914536E9">
    <skipped/>
  </testcase> <!-- @AfterMethod userLogout -->
  <testcase classname="com.genericUtility.BaseClass" name="@AfterClass closeTheBrowser" time="-1.686909145362E9">
    <skipped/>
  </testcase> <!-- @AfterClass closeTheBrowser -->
  <testcase classname="crossbrowser.User_TC" name="checkOut" time="0.0">
    <skipped/>
  </testcase> <!-- checkOut -->
  <testcase classname="crossbrowser.User_TC" name="wishList" time="0.0">
    <skipped/>
  </testcase> <!-- wishList -->
  <testcase classname="crossbrowser.User_TC" name="wishListToAddToCart" time="0.0">
    <skipped/>
  </testcase> <!-- wishListToAddToCart -->
  <testcase classname="crossbrowser.User_TC2" name="searchProduct" time="0.0">
    <skipped/>
  </testcase> <!-- searchProduct -->
  <testcase classname="crossbrowser.User_TC2" name="product" time="0.0">
    <skipped/>
  </testcase> <!-- product -->
  <testcase classname="crossbrowser.User_TC2" name="updateShipBillAddress" time="0.0">
    <skipped/>
  </testcase> <!-- updateShipBillAddress -->
  <testcase classname="crossbrowser.User_TC2" name="payment" time="0.0">
    <skipped/>
  </testcase> <!-- payment -->
  <testcase classname="com.genericUtility.BaseClass" name="@AfterSuite closeDbConnection" time="0.0">
    <ignored/>
  </testcase> <!-- @AfterSuite closeDbConnection -->
</testsuite> <!-- Test -->
